  account.cpp
d:\git\commoditymanager\consoleapplication3\account.cpp(465): warning C4390: “;”: 找到空的受控语句；这是否是有意的?
d:\git\commoditymanager\consoleapplication3\account.cpp(536): warning C4390: “;”: 找到空的受控语句；这是否是有意的?
  ConsoleApplication3.cpp
d:\git\commoditymanager\consoleapplication3\consoleapplication3.cpp(28): warning C4101: “flag_delete”: 未引用的局部变量
  main.cpp
  menu.cpp
  record.cpp
  vip.cpp
d:\git\commoditymanager\consoleapplication3\vip.cpp(135): warning C4101: “v”: 未引用的局部变量
d:\git\commoditymanager\consoleapplication3\vip.cpp(134): warning C4101: “cost”: 未引用的局部变量
d:\git\commoditymanager\consoleapplication3\vip.cpp(137): warning C4101: “choose”: 未引用的局部变量
d:\git\commoditymanager\consoleapplication3\vip.cpp(137): warning C4101: “yes”: 未引用的局部变量
  正在生成代码
d:\git\commoditymanager\consoleapplication3\vip.cpp(228): warning C4715: “searchv”: 不是所有的控件路径都返回值
  76 of 78 functions (97.4%) were compiled, the rest were copied from previous compilation.
    1 functions were new in current compilation
    0 functions had inline decision re-evaluated but remain unchanged
  已完成代码的生成
  ConsoleApplication3.vcxproj -> D:\git\CommodityManager\x64\Release\ConsoleApplication3.exe
